Build started 3/12/2015 1:02:03 PM.
     1>Project "D:\Code\WindowsHook\WindowsHook\WindowsHook.vcxproj" on node 2 (Rebuild target(s)).
     1>ClCompile:
         C:\Program Files (x86)\Microsoft Visual Studio 12.0\VC\bin\x86_amd64\CL.exe /c /Zi /nologo /W3 /WX- /O2 /Oi /GL /D WIN32 /D NDEBUG /D _WINDOWS /D _USRDLL /D WINDOWSHOOK_EXPORTS /D _WINDLL /Gm- /EHsc /MT /GS /Gy /fp:precise /Zc:wchar_t /Zc:forScope /Fo"x64\Release\\" /Fd"x64\Release\vc120.pdb" /Gd /TP /errorReport:prompt main.cpp
         main.cpp
     1>d:\code\windowshook\windowshook\apihook.h(15): warning C4309: 'initializing' : truncation of constant value
     1>d:\code\windowshook\windowshook\apihook.h(38): warning C4309: '=' : truncation of constant value
     1>d:\code\windowshook\windowshook\apihook.h(65): warning C4309: 'initializing' : truncation of constant value
     1>d:\code\windowshook\windowshook\apihook.h(74): warning C4309: '=' : truncation of constant value
     1>main.cpp(261): warning C4996: 'sprintf': This function or variable may be unsafe. Consider using sprintf_s instead. To disable deprecation, use _CRT_SECURE_NO_WARNINGS. See online help for details.
                 C:\Program Files (x86)\Microsoft Visual Studio 12.0\VC\include\stdio.h(356) : see declaration of 'sprintf'
       Link:
         C:\Program Files (x86)\Microsoft Visual Studio 12.0\VC\bin\x86_amd64\link.exe /ERRORREPORT:PROMPT /OUT:"D:\Code\WindowsHook\x64\Release\WindowsHook.dll" /INCREMENTAL:NO /NOLOGO kernel32.lib user32.lib gdi32.lib winspool.lib comdlg32.lib advapi32.lib shell32.lib ole32.lib oleaut32.lib uuid.lib odbc32.lib odbccp32.lib /MANIFEST /MANIFESTUAC:"level='asInvoker' uiAccess='false'" /manifest:embed /DEBUG /PDB:"D:\Code\WindowsHook\x64\Release\WindowsHook.pdb" /SUBSYSTEM:WINDOWS /OPT:REF /OPT:ICF /LTCG /TLBID:1 /DYNAMICBASE /NXCOMPAT /IMPLIB:"D:\Code\WindowsHook\x64\Release\WindowsHook.lib" /MACHINE:X64 /DLL x64\Release\main.obj
            Creating library D:\Code\WindowsHook\x64\Release\WindowsHook.lib and object D:\Code\WindowsHook\x64\Release\WindowsHook.exp
         Generating code
         Finished generating code
         WindowsHook.vcxproj -> D:\Code\WindowsHook\x64\Release\WindowsHook.dll
     1>Done Building Project "D:\Code\WindowsHook\WindowsHook\WindowsHook.vcxproj" (Rebuild target(s)).

Build succeeded.

Time Elapsed 00:00:03.04
